Arguments: 
  /Users/dampion/.nvm/versions/node/v9.4.0/bin/node /usr/local/Cellar/yarn/1.5.1_1/libexec/bin/yarn.js serve

PATH: 
  /usr/local/opt/icu4c/sbin:/usr/local/opt/icu4c/bin:/usr/local/opt/icu4c/sbin:/usr/local/opt/icu4c/bin:/Users/dampion/.nvm/versions/node/v9.4.0/bin:/usr/local/bin:/usr/local/bin:/usr/bin:/bin:/usr/sbin:/sbin

Yarn version: 
  1.5.1

Node version: 
  9.4.0

Platform: 
  darwin x64

npm manifest: 
  {
    "name": "client",
    "version": "0.1.0",
    "private": true,
    "scripts": {
      "serve": "vue-cli-service serve",
      "build": "vue-cli-service build",
      "start": "npm run serve"
    },
    "dependencies": {
      "@tinymce/tinymce-vue": "^2.0.0",
      "axios": "^0.18.0",
      "core-js": "^2.6.5",
      "element-ui": "^2.7.2",
      "tinymce": "^5.0.4",
      "vue": "^2.6.10",
      "vue-cookies": "^1.5.13",
      "vue-router": "^3.0.3",
      "vuex": "^3.0.1"
    },
    "devDependencies": {
      "@vue/cli-plugin-babel": "^3.6.0",
      "@vue/cli-service": "^3.6.0",
      "vue-template-compiler": "^2.5.21"
    },
    "postcss": {
      "plugins": {
        "autoprefixer": {}
      }
    },
    "browserslist": [
      "> 1%",
      "last 2 versions",
      "not ie <= 8"
    ]
  }

yarn manifest: 
  No manifest

Lockfile: 
  No lockfile

Trace: 
  Error: Command failed.
  Exit code: 127
  Command: sh
  Arguments: -c vue-cli-service serve
  Directory: /Users/dampion/repo/dampionRepository/SNI_WEB/node-vue-ele-app/client
  Output:
  
      at ProcessTermError.MessageError (/usr/local/Cellar/yarn/1.5.1_1/libexec/lib/cli.js:186:110)
      at new ProcessTermError (/usr/local/Cellar/yarn/1.5.1_1/libexec/lib/cli.js:226:113)
      at ChildProcess.<anonymous> (/usr/local/Cellar/yarn/1.5.1_1/libexec/lib/cli.js:30281:17)
      at ChildProcess.emit (events.js:160:13)
      at maybeClose (internal/child_process.js:943:16)
      at Process.ChildProcess._handle.onexit (internal/child_process.js:220:5)
